2026-02-23 00:33:13,957 - INFO - Начинаем загрузку моделей PaddleOCR...
2026-02-23 00:33:13,959 - INFO - Инициализация PaddleOCR для загрузки моделей...
2026-02-23 00:33:13,960 - ERROR - Ошибка при загрузке моделей: Unknown argument: cls
2026-02-23 00:33:13,960 - ERROR - Тип ошибки: ValueError
2026-02-23 00:33:13,960 - ERROR - Детали: Unknown argument: cls
2026-02-23 00:35:12,429 - INFO - Начинаем загрузку моделей PaddleOCR...
2026-02-23 00:35:12,430 - INFO - Инициализация PaddleOCR для загрузки моделей...
2026-02-23 00:35:12,430 - ERROR - Ошибка при загрузке моделей: Unknown argument: det
2026-02-23 00:35:12,432 - ERROR - Тип ошибки: ValueError
2026-02-23 00:35:12,432 - ERROR - Детали: Unknown argument: det
2026-02-23 00:35:28,027 - INFO - Начинаем загрузку моделей PaddleOCR...
2026-02-23 00:35:28,027 - INFO - Инициализация PaddleOCR для загрузки моделей...
2026-02-23 00:35:28,028 - ERROR - Ошибка при загрузке моделей: Unknown argument: rec
2026-02-23 00:35:28,028 - ERROR - Тип ошибки: ValueError
2026-02-23 00:35:28,028 - ERROR - Детали: Unknown argument: rec
2026-02-23 00:35:43,811 - INFO - Начинаем загрузку моделей PaddleOCR...
2026-02-23 00:35:43,812 - INFO - Инициализация PaddleOCR для загрузки моделей...
2026-02-23 00:35:43,813 - ERROR - Ошибка при загрузке моделей: Unknown argument: use_gpu
2026-02-23 00:35:43,813 - ERROR - Тип ошибки: ValueError
2026-02-23 00:35:43,813 - ERROR - Детали: Unknown argument: use_gpu
2026-02-23 00:43:01,073 - INFO - ============================================================
2026-02-23 00:43:01,073 - INFO - РќР°С‡Р°Р»Рѕ Р·Р°РіСЂСѓР·РєРё РјРѕРґРµР»РµР№ PaddleOCR РґР»СЏ СЂСѓСЃСЃРєРѕРіРѕ СЏР·С‹РєР°
2026-02-23 00:43:01,073 - INFO - ============================================================
2026-02-23 00:43:01,074 - INFO - 
--- Р—Р°РіСЂСѓР·РєР° РјРѕРґРµР»Рё: DET ---
2026-02-23 00:43:01,074 - INFO - Р¤Р°Р№Р» С‡Р°СЃС‚РёС‡РЅРѕ Р·Р°РіСЂСѓР¶РµРЅ: 117 Р±Р°Р№С‚
2026-02-23 00:43:02,306 - ERROR - РћС€РёР±РєР° РїСЂРё Р·Р°РіСЂСѓР·РєРµ (РїРѕРїС‹С‚РєР° 1): 404 Client Error: Not Found for url: https://paddleocr.bj.bcebos.com/PP-OCRv4/russian/ch_PP-OCRv4_det_infer.tar
2026-02-23 00:43:08,448 - ERROR - РћС€РёР±РєР° РїСЂРё Р·Р°РіСЂСѓР·РєРµ (РїРѕРїС‹С‚РєР° 2): 404 Client Error: Not Found for url: https://paddleocr.bj.bcebos.com/PP-OCRv4/russian/ch_PP-OCRv4_det_infer.tar
2026-02-23 00:43:14,592 - ERROR - РћС€РёР±РєР° РїСЂРё Р·Р°РіСЂСѓР·РєРµ (РїРѕРїС‹С‚РєР° 3): 404 Client Error: Not Found for url: https://paddleocr.bj.bcebos.com/PP-OCRv4/russian/ch_PP-OCRv4_det_infer.tar
2026-02-23 00:43:19,594 - ERROR - вњ— РќРµ СѓРґР°Р»РѕСЃСЊ Р·Р°РіСЂСѓР·РёС‚СЊ РјРѕРґРµР»СЊ det
2026-02-23 00:43:19,595 - INFO - 
--- Р—Р°РіСЂСѓР·РєР° РјРѕРґРµР»Рё: REC ---
2026-02-23 00:43:19,596 - INFO - Р¤Р°Р№Р» С‡Р°СЃС‚РёС‡РЅРѕ Р·Р°РіСЂСѓР¶РµРЅ: 117 Р±Р°Р№С‚
2026-02-23 00:43:20,922 - ERROR - РћС€РёР±РєР° РїСЂРё Р·Р°РіСЂСѓР·РєРµ (РїРѕРїС‹С‚РєР° 1): 404 Client Error: Not Found for url: https://paddleocr.bj.bcebos.com/PP-OCRv4/russian/ch_PP-OCRv4_rec_infer.tar
2026-02-23 00:43:27,108 - ERROR - РћС€РёР±РєР° РїСЂРё Р·Р°РіСЂСѓР·РєРµ (РїРѕРїС‹С‚РєР° 2): 404 Client Error: Not Found for url: https://paddleocr.bj.bcebos.com/PP-OCRv4/russian/ch_PP-OCRv4_rec_infer.tar
2026-02-23 00:43:33,472 - ERROR - РћС€РёР±РєР° РїСЂРё Р·Р°РіСЂСѓР·РєРµ (РїРѕРїС‹С‚РєР° 3): 404 Client Error: Not Found for url: https://paddleocr.bj.bcebos.com/PP-OCRv4/russian/ch_PP-OCRv4_rec_infer.tar
2026-02-23 00:43:38,474 - ERROR - вњ— РќРµ СѓРґР°Р»РѕСЃСЊ Р·Р°РіСЂСѓР·РёС‚СЊ РјРѕРґРµР»СЊ rec
2026-02-23 00:43:38,474 - INFO - 
--- Р—Р°РіСЂСѓР·РєР° РјРѕРґРµР»Рё: CLS ---
2026-02-23 00:43:38,475 - INFO - вњ“ РњРѕРґРµР»СЊ cls СѓР¶Рµ СѓСЃС‚Р°РЅРѕРІР»РµРЅР° вЂ” РїСЂРѕРїСѓСЃРєР°РµРј
2026-02-23 00:43:38,475 - INFO - 
============================================================
2026-02-23 00:43:38,475 - INFO - РС‚РѕРі Р·Р°РіСЂСѓР·РєРё РјРѕРґРµР»РµР№:
2026-02-23 00:43:38,476 - INFO - ============================================================
2026-02-23 00:43:38,476 - INFO - DET        : вњ— РћРЁРР‘РљРђ
2026-02-23 00:43:38,476 - INFO - REC        : вњ— РћРЁРР‘РљРђ
2026-02-23 00:43:38,476 - INFO - CLS        : вњ“ РЈРЎРџР•РЁРќРћ
2026-02-23 00:43:38,476 - ERROR - 
вќЊ РќРµРєРѕС‚РѕСЂС‹Рµ РјРѕРґРµР»Рё РЅРµ Р±С‹Р»Рё Р·Р°РіСЂСѓР¶РµРЅС‹. РџСЂРѕРІРµСЂСЊС‚Рµ Р»РѕРіРё.
2026-02-23 00:50:02,703 - INFO - ============================================================
2026-02-23 00:50:02,703 - INFO - РќР°С‡Р°Р»Рѕ Р·Р°РіСЂСѓР·РєРё РјРѕРґРµР»РµР№ PaddleOCR РґР»СЏ СЂСѓСЃСЃРєРѕРіРѕ СЏР·С‹РєР°
2026-02-23 00:50:02,704 - INFO - ============================================================
2026-02-23 00:50:02,704 - INFO - 
--- Р—Р°РіСЂСѓР·РєР° РјРѕРґРµР»Рё: DET ---
2026-02-23 00:50:03,953 - ERROR - РћС€РёР±РєР° РїСЂРё Р·Р°РіСЂСѓР·РєРµ (РїРѕРїС‹С‚РєР° 1): 404 Client Error: Not Found for url: https://paddleocr.bj.bcebos.com/PP-OCRv4/english/en_PP-OCRv4_det_infer.tar
2026-02-23 00:50:10,109 - ERROR - РћС€РёР±РєР° РїСЂРё Р·Р°РіСЂСѓР·РєРµ (РїРѕРїС‹С‚РєР° 2): 404 Client Error: Not Found for url: https://paddleocr.bj.bcebos.com/PP-OCRv4/english/en_PP-OCRv4_det_infer.tar
2026-02-23 00:50:16,367 - ERROR - РћС€РёР±РєР° РїСЂРё Р·Р°РіСЂСѓР·РєРµ (РїРѕРїС‹С‚РєР° 3): 404 Client Error: Not Found for url: https://paddleocr.bj.bcebos.com/PP-OCRv4/english/en_PP-OCRv4_det_infer.tar
2026-02-23 00:50:21,368 - ERROR - вњ— РќРµ СѓРґР°Р»РѕСЃСЊ Р·Р°РіСЂСѓР·РёС‚СЊ РјРѕРґРµР»СЊ det
2026-02-23 00:50:21,368 - INFO - 
--- Р—Р°РіСЂСѓР·РєР° РјРѕРґРµР»Рё: REC ---
2026-02-23 00:50:22,619 - ERROR - РћС€РёР±РєР° РїСЂРё Р·Р°РіСЂСѓР·РєРµ (РїРѕРїС‹С‚РєР° 1): 404 Client Error: Not Found for url: https://paddleocr.bj.bcebos.com/PP-OCRv4/multilingual/Multilingual_PP-OCRv4_rec_infer.tar
2026-02-23 00:50:28,942 - ERROR - РћС€РёР±РєР° РїСЂРё Р·Р°РіСЂСѓР·РєРµ (РїРѕРїС‹С‚РєР° 2): 404 Client Error: Not Found for url: https://paddleocr.bj.bcebos.com/PP-OCRv4/multilingual/Multilingual_PP-OCRv4_rec_infer.tar
2026-02-23 00:50:35,373 - ERROR - РћС€РёР±РєР° РїСЂРё Р·Р°РіСЂСѓР·РєРµ (РїРѕРїС‹С‚РєР° 3): 404 Client Error: Not Found for url: https://paddleocr.bj.bcebos.com/PP-OCRv4/multilingual/Multilingual_PP-OCRv4_rec_infer.tar
2026-02-23 00:50:40,374 - ERROR - вњ— РќРµ СѓРґР°Р»РѕСЃСЊ Р·Р°РіСЂСѓР·РёС‚СЊ РјРѕРґРµР»СЊ rec
2026-02-23 00:50:40,375 - INFO - 
--- Р—Р°РіСЂСѓР·РєР° РјРѕРґРµР»Рё: CLS ---
2026-02-23 00:50:40,376 - INFO - вњ“ РњРѕРґРµР»СЊ cls СѓР¶Рµ СѓСЃС‚Р°РЅРѕРІР»РµРЅР° вЂ” РїСЂРѕРїСѓСЃРєР°РµРј
2026-02-23 00:50:40,376 - INFO - 
============================================================
2026-02-23 00:50:40,376 - INFO - РС‚РѕРі Р·Р°РіСЂСѓР·РєРё РјРѕРґРµР»РµР№:
2026-02-23 00:50:40,376 - INFO - ============================================================
2026-02-23 00:50:40,377 - INFO - DET        : вњ— РћРЁРР‘РљРђ
2026-02-23 00:50:40,377 - INFO - REC        : вњ— РћРЁРР‘РљРђ
2026-02-23 00:50:40,377 - INFO - CLS        : вњ“ РЈРЎРџР•РЁРќРћ
2026-02-23 00:50:40,378 - ERROR - 
вќЊ РќРµРєРѕС‚РѕСЂС‹Рµ РјРѕРґРµР»Рё РЅРµ Р±С‹Р»Рё Р·Р°РіСЂСѓР¶РµРЅС‹. РџСЂРѕРІРµСЂСЊС‚Рµ Р»РѕРіРё.
